# JRE version: Java(TM) SE Runtime Environment (8.0_231-b11) (build 1.8.0_231-b11)
# Java VM: Java HotSpot(TM) 64-Bit Server VM (25.231-b11 mixed mode linux-amd64 compressed oops)
Heap:
 PSYoungGen      total 189440K, used 12754K [0x00000000ee380000, 0x00000000fad80000, 0x0000000100000000)
  eden space 175616K, 0% used [0x00000000ee380000,0x00000000ee380000,0x00000000f8f00000)
  from space 13824K, 92% used [0x00000000f9280000,0x00000000f9ef4a40,0x00000000fa000000)
  to   space 11264K, 0% used [0x00000000fa280000,0x00000000fa280000,0x00000000fad80000)
 ParOldGen       total 47104K, used 20290K [0x00000000caa00000, 0x00000000cd800000, 0x00000000ee380000)
  object space 47104K, 43% used [0x00000000caa00000,0x00000000cbdd0a98,0x00000000cd800000)
 Metaspace       used 55613K, capacity 58054K, committed 58408K, reserved 1099776K
  class space    used 7643K, capacity 8113K, committed 8232K, reserved 1048576K
GC Heap History (10 events):
Event: 20.543 GC heap after
Heap after GC invocations=10 (full 1):
 PSYoungGen      total 116224K, used 5602K [0x00000000ee380000, 0x00000000f6e80000, 0x0000000100000000)
  eden space 110592K, 0% used [0x00000000ee380000,0x00000000ee380000,0x00000000f4f80000)
  from space 5632K, 99% used [0x00000000f4f80000,0x00000000f54f8ac8,0x00000000f5500000)
  to   space 7680K, 0% used [0x00000000f6700000,0x00000000f6700000,0x00000000f6e80000)
 ParOldGen       total 30720K, used 12509K [0x00000000caa00000, 0x00000000cc800000, 0x00000000ee380000)
  object space 30720K, 40% used [0x00000000caa00000,0x00000000cb637480,0x00000000cc800000)
 Metaspace       used 26933K, capacity 27996K, committed 28160K, reserved 1073152K
  class space    used 3591K, capacity 3822K, committed 3840K, reserved 1048576K
}
Event: 27.268 GC heap before
{Heap before GC invocations=11 (full 1):
 PSYoungGen      total 116224K, used 116194K [0x00000000ee380000, 0x00000000f6e80000, 0x0000000100000000)
  eden space 110592K, 100% used [0x00000000ee380000,0x00000000f4f80000,0x00000000f4f80000)
  from space 5632K, 99% used [0x00000000f4f80000,0x00000000f54f8ac8,0x00000000f5500000)
  to   space 7680K, 0% used [0x00000000f6700000,0x00000000f6700000,0x00000000f6e80000)
 ParOldGen       total 30720K, used 12509K [0x00000000caa00000, 0x00000000cc800000, 0x00000000ee380000)
  object space 30720K, 40% used [0x00000000caa00000,0x00000000cb637480,0x00000000cc800000)
 Metaspace       used 34015K, capacity 35378K, committed 35496K, reserved 1079296K
  class space    used 4452K, capacity 4761K, committed 4776K, reserved 1048576K
Event: 27.534 GC heap after
Heap after GC invocations=11 (full 1):
 PSYoungGen      total 131072K, used 7661K [0x00000000ee380000, 0x00000000f8d80000, 0x0000000100000000)
  eden space 123392K, 0% used [0x00000000ee380000,0x00000000ee380000,0x00000000f5c00000)
  from space 7680K, 99% used [0x00000000f6700000,0x00000000f6e7b690,0x00000000f6e80000)
  to   space 11264K, 0% used [0x00000000f5c00000,0x00000000f5c00000,0x00000000f6700000)
 ParOldGen       total 30720K, used 18951K [0x00000000caa00000, 0x00000000cc800000, 0x00000000ee380000)
  object space 30720K, 61% used [0x00000000caa00000,0x00000000cbc81dd0,0x00000000cc800000)
 Metaspace       used 34015K, capacity 35378K, committed 35496K, reserved 1079296K
  class space    used 4452K, capacity 4761K, committed 4776K, reserved 1048576K
}
Event: 27.840 GC heap before
{Heap before GC invocations=12 (full 1):
 PSYoungGen      total 131072K, used 11900K [0x00000000ee380000, 0x00000000f8d80000, 0x0000000100000000)
  eden space 123392K, 3% used [0x00000000ee380000,0x00000000ee7a3c50,0x00000000f5c00000)
  from space 7680K, 99% used [0x00000000f6700000,0x00000000f6e7b690,0x00000000f6e80000)
  to   space 11264K, 0% used [0x00000000f5c00000,0x00000000f5c00000,0x00000000f6700000)
 ParOldGen       total 30720K, used 18951K [0x00000000caa00000, 0x00000000cc800000, 0x00000000ee380000)
  object space 30720K, 61% used [0x00000000caa00000,0x00000000cbc81dd0,0x00000000cc800000)
 Metaspace       used 34174K, capacity 35478K, committed 35496K, reserved 1079296K
  class space    used 4471K, capacity 4767K, committed 4776K, reserved 1048576K
Event: 27.938 GC heap after
Heap after GC invocations=12 (full 1):
 PSYoungGen      total 134656K, used 608K [0x00000000ee380000, 0x00000000fad80000, 0x0000000100000000)
  eden space 123392K, 0% used [0x00000000ee380000,0x00000000ee380000,0x00000000f5c00000)
  from space 11264K, 5% used [0x00000000f5c00000,0x00000000f5c98000,0x00000000f6700000)
  to   space 11264K, 0% used [0x00000000fa280000,0x00000000fa280000,0x00000000fad80000)
 ParOldGen       total 30720K, used 26557K [0x00000000caa00000, 0x00000000cc800000, 0x00000000ee380000)
  object space 30720K, 86% used [0x00000000caa00000,0x00000000cc3ef560,0x00000000cc800000)
 Metaspace       used 34174K, capacity 35478K, committed 35496K, reserved 1079296K
  class space    used 4471K, capacity 4767K, committed 4776K, reserved 1048576K
}
Event: 27.938 GC heap before
{Heap before GC invocations=13 (full 2):
 PSYoungGen      total 134656K, used 608K [0x00000000ee380000, 0x00000000fad80000, 0x0000000100000000)
  eden space 123392K, 0% used [0x00000000ee380000,0x00000000ee380000,0x00000000f5c00000)
  from space 11264K, 5% used [0x00000000f5c00000,0x00000000f5c98000,0x00000000f6700000)
  to   space 11264K, 0% used [0x00000000fa280000,0x00000000fa280000,0x00000000fad80000)
 ParOldGen       total 30720K, used 26557K [0x00000000caa00000, 0x00000000cc800000, 0x00000000ee380000)
  object space 30720K, 86% used [0x00000000caa00000,0x00000000cc3ef560,0x00000000cc800000)
 Metaspace       used 34174K, capacity 35478K, committed 35496K, reserved 1079296K
  class space    used 4471K, capacity 4767K, committed 4776K, reserved 1048576K
Event: 28.528 GC heap after
Heap after GC invocations=13 (full 2):
 PSYoungGen      total 134656K, used 0K [0x00000000ee380000, 0x00000000fad80000, 0x0000000100000000)
  eden space 123392K, 0% used [0x00000000ee380000,0x00000000ee380000,0x00000000f5c00000)
  from space 11264K, 0% used [0x00000000f5c00000,0x00000000f5c00000,0x00000000f6700000)
  to   space 11264K, 0% used [0x00000000fa280000,0x00000000fa280000,0x00000000fad80000)
 ParOldGen       total 47104K, used 15616K [0x00000000caa00000, 0x00000000cd800000, 0x00000000ee380000)
  object space 47104K, 33% used [0x00000000caa00000,0x00000000cb9401a0,0x00000000cd800000)
 Metaspace       used 34174K, capacity 35478K, committed 35496K, reserved 1079296K
  class space    used 4471K, capacity 4767K, committed 4776K, reserved 1048576K
}
Event: 37.416 GC heap before
{Heap before GC invocations=14 (full 2):
 PSYoungGen      total 134656K, used 123392K [0x00000000ee380000, 0x00000000fad80000, 0x0000000100000000)
  eden space 123392K, 100% used [0x00000000ee380000,0x00000000f5c00000,0x00000000f5c00000)
  from space 11264K, 0% used [0x00000000f5c00000,0x00000000f5c00000,0x00000000f6700000)
  to   space 11264K, 0% used [0x00000000fa280000,0x00000000fa280000,0x00000000fad80000)
 ParOldGen       total 47104K, used 15616K [0x00000000caa00000, 0x00000000cd800000, 0x00000000ee380000)
  object space 47104K, 33% used [0x00000000caa00000,0x00000000cb9401a0,0x00000000cd800000)
 Metaspace       used 45559K, capacity 47032K, committed 47400K, reserved 1089536K
  class space    used 6242K, capacity 6574K, committed 6696K, reserved 1048576K
Event: 37.515 GC heap after
Heap after GC invocations=14 (full 2):
 PSYoungGen      total 186880K, used 11238K [0x00000000ee380000, 0x00000000fad80000, 0x0000000100000000)
  eden space 175616K, 0% used [0x00000000ee380000,0x00000000ee380000,0x00000000f8f00000)
  from space 11264K, 99% used [0x00000000fa280000,0x00000000fad79a00,0x00000000fad80000)
  to   space 13824K, 0% used [0x00000000f9280000,0x00000000f9280000,0x00000000fa000000)
 ParOldGen       total 47104K, used 17369K [0x00000000caa00000, 0x00000000cd800000, 0x00000000ee380000)
  object space 47104K, 36% used [0x00000000caa00000,0x00000000cbaf65f8,0x00000000cd800000)
 Metaspace       used 45559K, capacity 47032K, committed 47400K, reserved 1089536K
  class space    used 6242K, capacity 6574K, committed 6696K, reserved 1048576K
}
Event: 46.997 GC heap before
{Heap before GC invocations=15 (full 2):
 PSYoungGen      total 186880K, used 186854K [0x00000000ee380000, 0x00000000fad80000, 0x0000000100000000)
  eden space 175616K, 100% used [0x00000000ee380000,0x00000000f8f00000,0x00000000f8f00000)
  from space 11264K, 99% used [0x00000000fa280000,0x00000000fad79a00,0x00000000fad80000)
  to   space 13824K, 0% used [0x00000000f9280000,0x00000000f9280000,0x00000000fa000000)
 ParOldGen       total 47104K, used 17369K [0x00000000caa00000, 0x00000000cd800000, 0x00000000ee380000)
  object space 47104K, 36% used [0x00000000caa00000,0x00000000cbaf65f8,0x00000000cd800000)
 Metaspace       used 55613K, capacity 58054K, committed 58408K, reserved 1099776K
  class space    used 7643K, capacity 8113K, committed 8232K, reserved 1048576K

